Mar 02, 2020 11:07:14 AM com.enhancesys.common.logger
FINE: [Thread]: 212 [ClassName]: com.enhancesys.integration.services.util.TokuUser [LineNumber]:  33  Initiating TokuMx-Java Adapter.....
Mar 02, 2020 11:07:14 AM com.enhancesys.common.logger
FINE: [Thread]: 212 [ClassName]: com.enhancesys.integration.services.util.TokuUser [LineNumber]:  42  TokuMx-Java Adapter Initiated Successfully For Replica-Set user....!
Mar 02, 2020 11:07:14 AM com.enhancesys.common.logger
FINE: [Thread]: 212 [ClassName]: com.enhancesys.integration.services.IntegrationManagementImpl [LineNumber]:  8746  Entry pullDataToFile.. Started at --> Mon Mar 02 11:07:14 IST 2020
Mar 02, 2020 11:07:14 AM com.enhancesys.common.logger
FINE: [Thread]: 212 [ClassName]: com.enhancesys.integration.services.IntegrationManagementImpl [LineNumber]:  8749  pullDataToFile service received interface id-->[1156]
Mar 02, 2020 11:07:14 AM com.enhancesys.common.logger
FINE: [Thread]: 212 [ClassName]: com.enhancesys.integration.services.IntegrationManagementImpl [LineNumber]:  8787  Started pullDataToFile.. 1156  Started at --> Mon Mar 02 11:07:14 IST 2020
Mar 02, 2020 11:07:14 AM com.enhancesys.common.logger
FINE: [Thread]: 212 [ClassName]: com.enhancesys.integration.services.IntegrationManagementImpl [LineNumber]:  8888  [dataConverter] class com.sun.proxy.$Proxy209
Mar 02, 2020 11:07:14 AM com.enhancesys.common.logger
FINE: [Thread]: 212 [ClassName]: com.enhancesys.integration.services.processor.OutletSalesDump [LineNumber]:  73  OutletSalesDump :: Entry processRequest ... InterfaceId : 1156, RequiredDate : null
Mar 02, 2020 11:07:15 AM com.enhancesys.common.logger
FINE: [Thread]: 212 [ClassName]: com.enhancesys.integration.services.IntegrationManagementImpl [LineNumber]:  9467  Entry readFilePropertyBeans.. Started at --> Mon Mar 02 11:07:15 IST 2020
Mar 02, 2020 11:07:15 AM com.enhancesys.common.logger
FINE: [Thread]: 212 [ClassName]: com.enhancesys.integration.services.IntegrationManagementImpl [LineNumber]:  9481  readFilePropertyBeans service received interface id-->1156
Mar 02, 2020 11:07:15 AM com.enhancesys.common.logger
FINE: [Thread]: 212 [ClassName]: com.enhancesys.integration.services.IntegrationManagementImpl [LineNumber]:  10283  Exit readFilePropertyBeans service at -->Mon Mar 02 11:07:15 IST 2020 --- and took 319 milliseconds
Mar 02, 2020 11:07:15 AM com.enhancesys.common.logger
FINE: [Thread]: 212 [ClassName]: com.enhancesys.integration.services.processor.OutletSalesDump [LineNumber]:  161  Interface : 1156 : File : Outlet_Sales_20200302.csv
Mar 02, 2020 11:07:15 AM com.enhancesys.common.logger
FINE: [Thread]: 212 [ClassName]: com.enhancesys.integration.services.util.CursorUtil [LineNumber]:  335  Query Object : { "org_type" : 6 , "sub_org_type" : 66 , "status" : 174}
Mar 02, 2020 11:07:15 AM com.enhancesys.common.logger
FINE: [Thread]: 212 [ClassName]: com.enhancesys.integration.services.util.CursorUtil [LineNumber]:  335  Query Object : { }
Mar 02, 2020 11:07:16 AM com.enhancesys.common.logger
FINE: [Thread]: 212 [ClassName]: com.enhancesys.integration.services.IntegrationManagementImpl [LineNumber]:  8139  Entry createInterfaceFileSummary.. Started at --> Mon Mar 02 11:07:16 IST 2020
Mar 02, 2020 11:07:16 AM com.enhancesys.common.logger
FINE: [Thread]: 212 [ClassName]: com.enhancesys.integration.services.IntegrationManagementImpl [LineNumber]:  8152  createInterfaceFileSummary service received interfaceFileSummary for file id-->null
Mar 02, 2020 11:07:16 AM com.enhancesys.common.logger
FINE: [Thread]: 212 [ClassName]: com.enhancesys.integration.services.IntegrationManagementImpl [LineNumber]:  8227  Exit createInterfaceFileSummary service at -->Mon Mar 02 11:07:16 IST 2020 --- and took 229 milliseconds
Mar 02, 2020 11:07:16 AM com.enhancesys.common.logger
FINE: [Thread]: 212 [ClassName]: com.enhancesys.integration.services.IntegrationManagementImpl [LineNumber]:  7586  Entry createControlFile.. Started at --> Mon Mar 02 11:07:16 IST 2020
Mar 02, 2020 11:07:16 AM com.enhancesys.common.logger
FINE: [Thread]: 212 [ClassName]: com.enhancesys.integration.services.IntegrationManagementImpl [LineNumber]:  7601  createControlFile service received filePath -->/home/appuser/interfaces/S-NOC/interfaces/master_file/daily_dumps/outlet_sales/Outlet_Sales_20200302.csvtotalCount-->291fileName-->Outlet_Sales_20200302fileFormat-->csvcurrentFileId-->10876contolFileFormat-->ctlcontolFilePath-->/home/appuser/interfaces/S-NOC/interfaces/master_file/daily_dumps/outlet_sales/
Mar 02, 2020 11:07:16 AM com.enhancesys.common.logger
FINE: [Thread]: 212 [ClassName]: com.enhancesys.integration.services.IntegrationManagementImpl [LineNumber]:  8056  updateInterfaceFileSummaryDetails service received interfaceFileSummaryDetails object for file details id-->10876
Mar 02, 2020 11:07:16 AM com.enhancesys.common.logger
FINE: [Thread]: 212 [ClassName]: com.enhancesys.integration.services.IntegrationManagementImpl [LineNumber]:  7665  Exit control file creation service at -->Mon Mar 02 11:07:16 IST 2020 --- and took 127 milliseconds
Mar 02, 2020 11:07:16 AM com.enhancesys.common.logger
FINE: [Thread]: 212 [ClassName]: com.enhancesys.integration.services.processor.OutletSalesDump [LineNumber]:  498  OutletSalesDump : Exit processRequest... Took : 1672 milliseconds
Mar 02, 2020 11:07:16 AM com.enhancesys.common.logger
FINE: [Thread]: 212 [ClassName]: com.enhancesys.integration.services.IntegrationManagementImpl [LineNumber]:  8909  Completed pullDataToFile.. 1156  Service at --> Mon Mar 02 11:07:16 IST 2020 --- and took 2348 milliseconds
Mar 02, 2020 11:07:16 AM com.enhancesys.common.logger
FINE: [Thread]: 212 [ClassName]: com.enhancesys.integration.services.IntegrationManagementImpl [LineNumber]:  8975  Exit pullData service at -->Mon Mar 02 11:07:16 IST 2020 --- and took 2351 milliseconds
^C
[appuser@IndoD4S1 logs]$
