Mar 01, 2020 3:38:52 PM com.enhancesys.common.logger
FINE: [Thread]: 225 [ClassName]: com.enhancesys.integration.services.IntegrationManagementImpl [LineNumber]:  8746  Entry pullDataToFile.. Started at --> Sun Mar 01 15:38:52 IST 2020
Mar 01, 2020 3:38:52 PM com.enhancesys.common.logger
FINE: [Thread]: 225 [ClassName]: com.enhancesys.integration.services.IntegrationManagementImpl [LineNumber]:  8749  pullDataToFile service received interface id-->[1157]
Mar 01, 2020 3:38:52 PM com.enhancesys.common.logger
FINE: [Thread]: 225 [ClassName]: com.enhancesys.integration.services.IntegrationManagementImpl [LineNumber]:  8787  Started pullDataToFile.. 1157  Started at --> Sun Mar 01 15:38:52 IST 2020
Mar 01, 2020 3:38:52 PM com.enhancesys.common.logger
FINE: [Thread]: 225 [ClassName]: com.enhancesys.integration.services.IntegrationManagementImpl [LineNumber]:  8888  [dataConverter] class com.sun.proxy.$Proxy209
Mar 01, 2020 3:38:52 PM com.enhancesys.common.logger
FINE: [Thread]: 225 [ClassName]: com.enhancesys.integration.services.processor.OutletSalesDump [LineNumber]:  73  OutletSalesDump :: Entry processRequest ... InterfaceId : 1157, RequiredDate : null
Mar 01, 2020 3:38:52 PM com.enhancesys.common.logger
FINE: [Thread]: 225 [ClassName]: com.enhancesys.integration.services.IntegrationManagementImpl [LineNumber]:  9467  Entry readFilePropertyBeans.. Started at --> Sun Mar 01 15:38:52 IST 2020
Mar 01, 2020 3:38:52 PM com.enhancesys.common.logger
FINE: [Thread]: 225 [ClassName]: com.enhancesys.integration.services.IntegrationManagementImpl [LineNumber]:  9481  readFilePropertyBeans service received interface id-->1157
Mar 01, 2020 3:38:52 PM com.enhancesys.common.logger
FINE: [Thread]: 225 [ClassName]: com.enhancesys.integration.services.IntegrationManagementImpl [LineNumber]:  10283  Exit readFilePropertyBeans service at -->Sun Mar 01 15:38:52 IST 2020 --- and took 44 milliseconds
Mar 01, 2020 3:38:52 PM com.enhancesys.common.logger
FINE: [Thread]: 225 [ClassName]: com.enhancesys.integration.services.processor.OutletSalesDump [LineNumber]:  161  Interface : 1157 : File : CSO_Sales_20200301.csv
Mar 01, 2020 3:38:52 PM com.enhancesys.common.logger
FINE: [Thread]: 225 [ClassName]: com.enhancesys.integration.services.util.CursorUtil [LineNumber]:  335  Query Object : { "position_id" : "1031" , "node_status" : 174}
Mar 01, 2020 3:38:52 PM com.enhancesys.common.logger
FINE: [Thread]: 225 [ClassName]: com.enhancesys.integration.services.util.CursorUtil [LineNumber]:  335  Query Object : { }
Mar 01, 2020 3:38:54 PM com.enhancesys.common.logger
FINE: [Thread]: 225 [ClassName]: com.enhancesys.integration.services.IntegrationManagementImpl [LineNumber]:  8139  Entry createInterfaceFileSummary.. Started at --> Sun Mar 01 15:38:54 IST 2020
Mar 01, 2020 3:38:54 PM com.enhancesys.common.logger
FINE: [Thread]: 225 [ClassName]: com.enhancesys.integration.services.IntegrationManagementImpl [LineNumber]:  8152  createInterfaceFileSummary service received interfaceFileSummary for file id-->null
Mar 01, 2020 3:38:54 PM com.enhancesys.common.logger
FINE: [Thread]: 225 [ClassName]: com.enhancesys.integration.services.IntegrationManagementImpl [LineNumber]:  8227  Exit createInterfaceFileSummary service at -->Sun Mar 01 15:38:54 IST 2020 --- and took 58 milliseconds
Mar 01, 2020 3:38:55 PM com.enhancesys.common.logger
FINE: [Thread]: 225 [ClassName]: com.enhancesys.integration.services.IntegrationManagementImpl [LineNumber]:  7586  Entry createControlFile.. Started at --> Sun Mar 01 15:38:55 IST 2020
Mar 01, 2020 3:38:55 PM com.enhancesys.common.logger
FINE: [Thread]: 225 [ClassName]: com.enhancesys.integration.services.IntegrationManagementImpl [LineNumber]:  7601  createControlFile service received filePath -->/home/appuser/interfaces/S-NOC/interfaces/master_file/daily_dumps/cso_sales/CSO_Sales_20200301.csvtotalCount-->83fileName-->CSO_Sales_20200301fileFormat-->csvcurrentFileId-->10860contolFileFormat-->ctlcontolFilePath-->/home/appuser/interfaces/S-NOC/interfaces/master_file/daily_dumps/cso_sales/
Mar 01, 2020 3:38:55 PM com.enhancesys.common.logger
FINE: [Thread]: 225 [ClassName]: com.enhancesys.integration.services.IntegrationManagementImpl [LineNumber]:  8056  updateInterfaceFileSummaryDetails service received interfaceFileSummaryDetails object for file details id-->10860
Mar 01, 2020 3:38:55 PM com.enhancesys.common.logger
FINE: [Thread]: 225 [ClassName]: com.enhancesys.integration.services.IntegrationManagementImpl [LineNumber]:  7665  Exit control file creation service at -->Sun Mar 01 15:38:55 IST 2020 --- and took 55 milliseconds
Mar 01, 2020 3:38:55 PM com.enhancesys.common.logger
FINE: [Thread]: 225 [ClassName]: com.enhancesys.integration.services.processor.OutletSalesDump [LineNumber]:  498  OutletSalesDump : Exit processRequest... Took : 2496 milliseconds
Mar 01, 2020 3:38:55 PM com.enhancesys.common.logger
FINE: [Thread]: 225 [ClassName]: com.enhancesys.integration.services.IntegrationManagementImpl [LineNumber]:  8909  Completed pullDataToFile.. 1157  Service at --> Sun Mar 01 15:38:55 IST 2020 --- and took 2522 milliseconds
Mar 01, 2020 3:38:55 PM com.enhancesys.common.logger
FINE: [Thread]: 225 [ClassName]: com.enhancesys.integration.services.IntegrationManagementImpl [LineNumber]:  8975  Exit pullData service at -->Sun Mar 01 15:38:55 IST 2020 --- and took 2528 milliseconds
