Mar 01, 2020 3:39:47 PM com.enhancesys.common.logger
FINE: [Thread]: 235 [ClassName]: com.enhancesys.integration.services.IntegrationManagementImpl [LineNumber]:  8746  Entry pullDataToFile.. Started at --> Sun Mar 01 15:39:47 IST 2020
Mar 01, 2020 3:39:47 PM com.enhancesys.common.logger
FINE: [Thread]: 235 [ClassName]: com.enhancesys.integration.services.IntegrationManagementImpl [LineNumber]:  8749  pullDataToFile service received interface id-->[1156]
Mar 01, 2020 3:39:47 PM com.enhancesys.common.logger
FINE: [Thread]: 235 [ClassName]: com.enhancesys.integration.services.IntegrationManagementImpl [LineNumber]:  8787  Started pullDataToFile.. 1156  Started at --> Sun Mar 01 15:39:47 IST 2020
Mar 01, 2020 3:39:47 PM com.enhancesys.common.logger
FINE: [Thread]: 235 [ClassName]: com.enhancesys.integration.services.IntegrationManagementImpl [LineNumber]:  8888  [dataConverter] class com.sun.proxy.$Proxy209
Mar 01, 2020 3:39:47 PM com.enhancesys.common.logger
FINE: [Thread]: 235 [ClassName]: com.enhancesys.integration.services.processor.OutletSalesDump [LineNumber]:  73  OutletSalesDump :: Entry processRequest ... InterfaceId : 1156, RequiredDate : null
Mar 01, 2020 3:39:47 PM com.enhancesys.common.logger
FINE: [Thread]: 235 [ClassName]: com.enhancesys.integration.services.IntegrationManagementImpl [LineNumber]:  9467  Entry readFilePropertyBeans.. Started at --> Sun Mar 01 15:39:47 IST 2020
Mar 01, 2020 3:39:47 PM com.enhancesys.common.logger
FINE: [Thread]: 235 [ClassName]: com.enhancesys.integration.services.IntegrationManagementImpl [LineNumber]:  9481  readFilePropertyBeans service received interface id-->1156
Mar 01, 2020 3:39:47 PM com.enhancesys.common.logger
FINE: [Thread]: 235 [ClassName]: com.enhancesys.integration.services.IntegrationManagementImpl [LineNumber]:  10283  Exit readFilePropertyBeans service at -->Sun Mar 01 15:39:47 IST 2020 --- and took 41 milliseconds
Mar 01, 2020 3:39:47 PM com.enhancesys.common.logger
FINE: [Thread]: 235 [ClassName]: com.enhancesys.integration.services.processor.OutletSalesDump [LineNumber]:  161  Interface : 1156 : File : Outlet_Sales_20200301.csv
Mar 01, 2020 3:39:47 PM com.enhancesys.common.logger
FINE: [Thread]: 235 [ClassName]: com.enhancesys.integration.services.util.CursorUtil [LineNumber]:  335  Query Object : { "org_type" : 6 , "sub_org_type" : 66 , "status" : 174}
Mar 01, 2020 3:39:47 PM com.enhancesys.common.logger
FINE: [Thread]: 235 [ClassName]: com.enhancesys.integration.services.util.CursorUtil [LineNumber]:  335  Query Object : { }
Mar 01, 2020 3:39:47 PM com.enhancesys.common.logger
FINE: [Thread]: 235 [ClassName]: com.enhancesys.integration.services.IntegrationManagementImpl [LineNumber]:  8139  Entry createInterfaceFileSummary.. Started at --> Sun Mar 01 15:39:47 IST 2020
Mar 01, 2020 3:39:47 PM com.enhancesys.common.logger
FINE: [Thread]: 235 [ClassName]: com.enhancesys.integration.services.IntegrationManagementImpl [LineNumber]:  8152  createInterfaceFileSummary service received interfaceFileSummary for file id-->null
Mar 01, 2020 3:39:47 PM com.enhancesys.common.logger
FINE: [Thread]: 235 [ClassName]: com.enhancesys.integration.services.IntegrationManagementImpl [LineNumber]:  8227  Exit createInterfaceFileSummary service at -->Sun Mar 01 15:39:47 IST 2020 --- and took 44 milliseconds
Mar 01, 2020 3:39:48 PM com.enhancesys.common.logger
FINE: [Thread]: 235 [ClassName]: com.enhancesys.integration.services.IntegrationManagementImpl [LineNumber]:  7586  Entry createControlFile.. Started at --> Sun Mar 01 15:39:48 IST 2020
Mar 01, 2020 3:39:48 PM com.enhancesys.common.logger
FINE: [Thread]: 235 [ClassName]: com.enhancesys.integration.services.IntegrationManagementImpl [LineNumber]:  7601  createControlFile service received filePath -->/home/appuser/interfaces/S-NOC/interfaces/master_file/daily_dumps/outlet_sales/Outlet_Sales_20200301.csvtotalCount-->291fileName-->Outlet_Sales_20200301fileFormat-->csvcurrentFileId-->10861contolFileFormat-->ctlcontolFilePath-->/home/appuser/interfaces/S-NOC/interfaces/master_file/daily_dumps/outlet_sales/
Mar 01, 2020 3:39:48 PM com.enhancesys.common.logger
FINE: [Thread]: 235 [ClassName]: com.enhancesys.integration.services.IntegrationManagementImpl [LineNumber]:  8056  updateInterfaceFileSummaryDetails service received interfaceFileSummaryDetails object for file details id-->10861
Mar 01, 2020 3:39:48 PM com.enhancesys.common.logger
FINE: [Thread]: 235 [ClassName]: com.enhancesys.integration.services.IntegrationManagementImpl [LineNumber]:  7665  Exit control file creation service at -->Sun Mar 01 15:39:48 IST 2020 --- and took 95 milliseconds
Mar 01, 2020 3:39:48 PM com.enhancesys.common.logger
FINE: [Thread]: 235 [ClassName]: com.enhancesys.integration.services.processor.OutletSalesDump [LineNumber]:  498  OutletSalesDump : Exit processRequest... Took : 916 milliseconds
Mar 01, 2020 3:39:48 PM com.enhancesys.common.logger
FINE: [Thread]: 235 [ClassName]: com.enhancesys.integration.services.IntegrationManagementImpl [LineNumber]:  8909  Completed pullDataToFile.. 1156  Service at --> Sun Mar 01 15:39:48 IST 2020 --- and took 930 milliseconds
Mar 01, 2020 3:39:48 PM com.enhancesys.common.logger
FINE: [Thread]: 235 [ClassName]: com.enhancesys.integration.services.IntegrationManagementImpl [LineNumber]:  8975  Exit pullData service at -->Sun Mar 01 15:39:48 IST 2020 --- and took 935 milliseconds
