2020-03-06 19:15:31.119, FINE, [Thread]: 202 [ClassName]: com.enhancesys.integration.services.util.TokuUser [LineNumber]:  33  Initiating TokuMx-Java Adapter.....
2020-03-06 19:15:31.129, FINE, [Thread]: 202 [ClassName]: com.enhancesys.integration.services.util.TokuUser [LineNumber]:  42  TokuMx-Java Adapter Initiated Successfully For Replica-Set user....!
2020-03-06 19:15:31.211, FINE, [Thread]: 202 [ClassName]: com.enhancesys.integration.services.IntegrationManagementImpl [LineNumber]:  8746  Entry pullDataToFile.. Started at --> Fri Mar 06 19:15:31 IST 2020
2020-03-06 19:15:31.212, FINE, [Thread]: 202 [ClassName]: com.enhancesys.integration.services.IntegrationManagementImpl [LineNumber]:  8749  pullDataToFile service received interface id-->[1162]
2020-03-06 19:15:31.213, FINE, [Thread]: 202 [ClassName]: com.enhancesys.integration.services.IntegrationManagementImpl [LineNumber]:  8787  Started pullDataToFile.. 1162  Started at --> Fri Mar 06 19:15:31 IST 2020
2020-03-06 19:15:31.590, FINE, [Thread]: 202 [ClassName]: com.enhancesys.integration.services.IntegrationManagementImpl [LineNumber]:  8888  [dataConverter] class com.sun.proxy.$Proxy207
2020-03-06 19:15:31.636, FINE, [Thread]: 202 [ClassName]: com.enhancesys.integration.services.processor.PJPPlannedCallsDump [LineNumber]:  108  PJPPlannedCallsDump Entry processRequest..
2020-03-06 19:15:31.673, FINE, [Thread]: 202 [ClassName]: com.enhancesys.integration.services.IntegrationManagementImpl [LineNumber]:  9467  Entry readFilePropertyBeans.. Started at --> Fri Mar 06 19:15:31 IST 2020
2020-03-06 19:15:31.674, FINE, [Thread]: 202 [ClassName]: com.enhancesys.integration.services.IntegrationManagementImpl [LineNumber]:  9481  readFilePropertyBeans service received interface id-->1162
2020-03-06 19:15:31.899, FINE, [Thread]: 202 [ClassName]: com.enhancesys.integration.services.IntegrationManagementImpl [LineNumber]:  10283  Exit readFilePropertyBeans service at -->Fri Mar 06 19:15:31 IST 2020 --- and took 226 milliseconds
2020-03-06 19:15:31.928, FINE, [Thread]: 202 [ClassName]: com.enhancesys.integration.services.processor.PJPPlannedCallsDump [LineNumber]:  197  Days left for month end : 25
2020-03-06 19:15:32.096, FINE, [Thread]: 202 [ClassName]: com.enhancesys.integration.services.util.TokuR4User [LineNumber]:  32  Initiating TokuMx-Java Adapter.....
2020-03-06 19:15:32.101, FINE, [Thread]: 202 [ClassName]: com.enhancesys.integration.services.util.TokuR4User [LineNumber]:  38  TokuMx-Java Adapter Initiated Successfully For Replica-Set user....!
2020-03-06 19:15:32.103, FINE, [Thread]: 202 [ClassName]: com.enhancesys.integration.services.util.TokuStandAloneUser [LineNumber]:  32  Initiating TokuMx-Java Adapter.....
2020-03-06 19:15:32.106, FINE, [Thread]: 202 [ClassName]: com.enhancesys.integration.services.util.TokuStandAloneUser [LineNumber]:  38  TokuMx-Java Adapter Initiated Successfully For Replica-Set user....!
2020-03-06 19:15:32.112, FINE, [Thread]: 202 [ClassName]: com.enhancesys.integration.services.processor.PJPPlannedCallsDump [LineNumber]:  246  Interface : 1162 : File : Pjp_Planned_Calls_20200306001.csv
2020-03-06 19:15:32.113, FINE, [Thread]: 202 [ClassName]: com.enhancesys.integration.services.processor.PJPPlannedCallsDump [LineNumber]:  265  Outlet org hierarchy data query Starting..
2020-03-06 19:15:32.142, FINE, [Thread]: 202 [ClassName]: com.enhancesys.integration.services.processor.PJPPlannedCallsDump [LineNumber]:  279  Outlet org hierarchy data query Completed.. outletHierarchyCursor Size : 407
2020-03-06 19:15:32.143, FINE, [Thread]: 202 [ClassName]: com.enhancesys.integration.services.processor.PJPPlannedCallsDump [LineNumber]:  285  Outlet organization data query Starting..
2020-03-06 19:15:32.144, FINE, [Thread]: 202 [ClassName]: com.enhancesys.integration.services.processor.PJPPlannedCallsDump [LineNumber]:  290  Query Object : { "org_type" : 6 , "sub_org_type" : 66 , "status" : 174}
2020-03-06 19:15:32.161, FINE, [Thread]: 202 [ClassName]: com.enhancesys.integration.services.processor.PJPPlannedCallsDump [LineNumber]:  298  Outlet orginaization data query Completed.. outletOrgCursor Size : 313
2020-03-06 19:15:33.333, FINE, [Thread]: 202 [ClassName]: com.enhancesys.integration.services.processor.PJPPlannedCallsDump [LineNumber]:  814  Beat Defn scheduleObj : { "schdlr_mode" : 1 , "schdlr_data" : { "daily_mode" : 1 , "frequency" : 1}}
2020-03-06 19:15:33.408, FINE, [Thread]: 202 [ClassName]: com.enhancesys.integration.services.processor.PJPPlannedCallsDump [LineNumber]:  814  Beat Defn scheduleObj : { "schdlr_mode" : 1 , "schdlr_data" : { "daily_mode" : 1 , "frequency" : 1}}
2020-03-06 19:15:33.417, FINE, [Thread]: 202 [ClassName]: com.enhancesys.integration.services.processor.PJPPlannedCallsDump [LineNumber]:  814  Beat Defn scheduleObj : { "schdlr_mode" : 1 , "schdlr_data" : { "daily_mode" : 1 , "frequency" : 1}}
2020-03-06 19:15:33.427, FINE, [Thread]: 202 [ClassName]: com.enhancesys.integration.services.processor.PJPPlannedCallsDump [LineNumber]:  814  Beat Defn scheduleObj : { "schdlr_mode" : 1 , "schdlr_data" : { "daily_mode" : 1 , "frequency" : 1}}
2020-03-06 19:15:33.436, FINE, [Thread]: 202 [ClassName]: com.enhancesys.integration.services.processor.PJPPlannedCallsDump [LineNumber]:  814  Beat Defn scheduleObj : { "schdlr_mode" : 1 , "schdlr_data" : { "daily_mode" : 1 , "frequency" : 1}}
2020-03-06 19:15:33.457, FINE, [Thread]: 202 [ClassName]: com.enhancesys.integration.services.processor.PJPPlannedCallsDump [LineNumber]:  814  Beat Defn scheduleObj : { "schdlr_mode" : 1 , "schdlr_data" : { "daily_mode" : 1 , "frequency" : 1}}
2020-03-06 19:15:33.466, FINE, [Thread]: 202 [ClassName]: com.enhancesys.integration.services.processor.PJPPlannedCallsDump [LineNumber]:  814  Beat Defn scheduleObj : { "schdlr_mode" : 1 , "schdlr_data" : { "daily_mode" : 1 , "frequency" : 1}}
2020-03-06 19:15:33.475, FINE, [Thread]: 202 [ClassName]: com.enhancesys.integration.services.processor.PJPPlannedCallsDump [LineNumber]:  814  Beat Defn scheduleObj : { "schdlr_mode" : 1 , "schdlr_data" : { "daily_mode" : 1 , "frequency" : 1}}
2020-03-06 19:15:33.484, FINE, [Thread]: 202 [ClassName]: com.enhancesys.integration.services.processor.PJPPlannedCallsDump [LineNumber]:  814  Beat Defn scheduleObj : { "schdlr_mode" : 1 , "schdlr_data" : { "daily_mode" : 1 , "frequency" : 1}}
2020-03-06 19:15:33.494, FINE, [Thread]: 202 [ClassName]: com.enhancesys.integration.services.processor.PJPPlannedCallsDump [LineNumber]:  814  Beat Defn scheduleObj : { "schdlr_mode" : 1 , "schdlr_data" : { "daily_mode" : 1 , "frequency" : 1}}
2020-03-06 19:15:33.594, FINE, [Thread]: 202 [ClassName]: com.enhancesys.integration.services.processor.PJPPlannedCallsDump [LineNumber]:  814  Beat Defn scheduleObj : { "schdlr_mode" : 1 , "schdlr_data" : { "daily_mode" : 1 , "frequency" : 1}}
2020-03-06 19:15:33.603, FINE, [Thread]: 202 [ClassName]: com.enhancesys.integration.services.processor.PJPPlannedCallsDump [LineNumber]:  814  Beat Defn scheduleObj : { "schdlr_mode" : 1 , "schdlr_data" : { "daily_mode" : 1 , "frequency" : 1}}
2020-03-06 19:15:33.624, FINE, [Thread]: 202 [ClassName]: com.enhancesys.integration.services.processor.PJPPlannedCallsDump [LineNumber]:  814  Beat Defn scheduleObj : { "schdlr_mode" : 1 , "schdlr_data" : { "daily_mode" : 1 , "frequency" : 1}}
2020-03-06 19:15:33.632, FINE, [Thread]: 202 [ClassName]: com.enhancesys.integration.services.processor.PJPPlannedCallsDump [LineNumber]:  814  Beat Defn scheduleObj : { "schdlr_mode" : 1 , "schdlr_data" : { "daily_mode" : 1 , "frequency" : 1}}
2020-03-06 19:15:33.673, FINE, [Thread]: 202 [ClassName]: com.enhancesys.integration.services.processor.PJPPlannedCallsDump [LineNumber]:  814  Beat Defn scheduleObj : { "schdlr_mode" : 1 , "schdlr_data" : { "daily_mode" : 1 , "frequency" : 1}}
2020-03-06 19:15:33.685, FINE, [Thread]: 202 [ClassName]: com.enhancesys.integration.services.processor.PJPPlannedCallsDump [LineNumber]:  814  Beat Defn scheduleObj : { "schdlr_mode" : 1 , "schdlr_data" : { "daily_mode" : 1 , "frequency" : 1}}
2020-03-06 19:15:33.697, FINE, [Thread]: 202 [ClassName]: com.enhancesys.integration.services.processor.PJPPlannedCallsDump [LineNumber]:  814  Beat Defn scheduleObj : { "schdlr_mode" : 1 , "schdlr_data" : { "daily_mode" : 1 , "frequency" : 1}}
2020-03-06 19:15:33.706, FINE, [Thread]: 202 [ClassName]: com.enhancesys.integration.services.processor.PJPPlannedCallsDump [LineNumber]:  814  Beat Defn scheduleObj : { "schdlr_mode" : 1 , "schdlr_data" : { "daily_mode" : 1 , "frequency" : 1}}
2020-03-06 19:15:33.715, FINE, [Thread]: 202 [ClassName]: com.enhancesys.integration.services.processor.PJPPlannedCallsDump [LineNumber]:  814  Beat Defn scheduleObj : { "schdlr_mode" : 1 , "schdlr_data" : { "daily_mode" : 1 , "frequency" : 1}}
2020-03-06 19:15:33.739, FINE, [Thread]: 202 [ClassName]: com.enhancesys.integration.services.processor.PJPPlannedCallsDump [LineNumber]:  814  Beat Defn scheduleObj : { "schdlr_mode" : 1 , "schdlr_data" : { "daily_mode" : 1 , "frequency" : 1}}
2020-03-06 19:15:33.758, FINE, [Thread]: 202 [ClassName]: com.enhancesys.integration.services.processor.PJPPlannedCallsDump [LineNumber]:  814  Beat Defn scheduleObj : { "schdlr_mode" : 1 , "schdlr_data" : { "daily_mode" : 1 , "frequency" : 1}}
2020-03-06 19:15:33.823, FINE, [Thread]: 202 [ClassName]: com.enhancesys.integration.services.processor.PJPPlannedCallsDump [LineNumber]:  814  Beat Defn scheduleObj : { "schdlr_mode" : 1 , "schdlr_data" : { "daily_mode" : 1 , "frequency" : 1}}
2020-03-06 19:15:33.944, FINE, [Thread]: 202 [ClassName]: com.enhancesys.integration.services.processor.PJPPlannedCallsDump [LineNumber]:  414  Total Number of Records : 833
2020-03-06 19:15:33.968, FINE, [Thread]: 202 [ClassName]: com.enhancesys.integration.services.IntegrationManagementImpl [LineNumber]:  8139  Entry createInterfaceFileSummary.. Started at --> Fri Mar 06 19:15:33 IST 2020
2020-03-06 19:15:33.969, FINE, [Thread]: 202 [ClassName]: com.enhancesys.integration.services.IntegrationManagementImpl [LineNumber]:  8152  createInterfaceFileSummary service received interfaceFileSummary for file id-->null
2020-03-06 19:15:34.145, FINE, [Thread]: 202 [ClassName]: com.enhancesys.integration.services.IntegrationManagementImpl [LineNumber]:  8227  Exit createInterfaceFileSummary service at -->Fri Mar 06 19:15:34 IST 2020 --- and took 177 milliseconds
2020-03-06 19:15:34.277, FINE, [Thread]: 202 [ClassName]: com.enhancesys.integration.services.IntegrationManagementImpl [LineNumber]:  7586  Entry createControlFile.. Started at --> Fri Mar 06 19:15:34 IST 2020
2020-03-06 19:15:34.278, FINE, [Thread]: 202 [ClassName]: com.enhancesys.integration.services.IntegrationManagementImpl [LineNumber]:  7601  createControlFile service received filePath        -->/home/appuser/interfaces/S-NOC/interfaces/master_file/daily_dumps/pjp_planned_calls/Pjp_Planned_Calls_20200306001.csvtotalCount-->833fileName-->Pjp_Planned_Calls_20200306001fileFormat-->csvcurrentFileId-->20523contolFileFormat-->ctlcontolFilePath-->/home/appuser/interfaces/S-NOC/interfaces/master_file/daily_dumps/pjp_planned_calls/
2020-03-06 19:15:34.335, FINE, [Thread]: 202 [ClassName]: com.enhancesys.integration.services.IntegrationManagementImpl [LineNumber]:  8056  updateInterfaceFileSummaryDetails service received interfaceFileSummaryDetails object for file details id-->20523
2020-03-06 19:15:34.381, FINE, [Thread]: 202 [ClassName]: com.enhancesys.integration.services.IntegrationManagementImpl [LineNumber]:  7665  Exit control file creation service at -->Fri Mar 06 19:15:34 IST 2020 --- and took 104 milliseconds
2020-03-06 19:15:34.382, FINE, [Thread]: 202 [ClassName]: com.enhancesys.integration.services.processor.PJPPlannedCallsDump [LineNumber]:  578  PJPPlannedCallsDump : Exit processRequest.. 2745
2020-03-06 19:15:34.383, FINE, [Thread]: 202 [ClassName]: com.enhancesys.integration.services.IntegrationManagementImpl [LineNumber]:  8909  Completed pullDataToFile.. 1162  Service at --> Fri Mar 06 19:15:34 IST 2020 --- and took 3170 milliseconds
2020-03-06 19:15:34.383, FINE, [Thread]: 202 [ClassName]: com.enhancesys.integration.services.IntegrationManagementImpl [LineNumber]:  8975  Exit pullData service at -->Fri Mar 06 19:15:34 IST 2020 --- and took 3172 milliseconds
