2020-03-02 13:00:23.493, FINE, [Thread]: 224 [ClassName]: com.enhancesys.integration.services.util.TokuUser [LineNumber]:  33  Initiating TokuMx-Java Adapter.....
2020-03-02 13:00:23.515, FINE, [Thread]: 224 [ClassName]: com.enhancesys.integration.services.util.TokuUser [LineNumber]:  42  TokuMx-Java Adapter Initiated Successfully For Replica-Set user....!
2020-03-02 13:00:23.624, FINE, [Thread]: 224 [ClassName]: com.enhancesys.integration.services.IntegrationManagementImpl [LineNumber]:  8746  Entry pullDataToFile.. Started at --> Mon Mar 02 13:00:23 IST 2020
2020-03-02 13:00:23.625, FINE, [Thread]: 224 [ClassName]: com.enhancesys.integration.services.IntegrationManagementImpl [LineNumber]:  8749  pullDataToFile service received interface id-->[1162]
2020-03-02 13:00:23.626, FINE, [Thread]: 224 [ClassName]: com.enhancesys.integration.services.IntegrationManagementImpl [LineNumber]:  8787  Started pullDataToFile.. 1162  Started at --> Mon Mar 02 13:00:23 IST 2020
2020-03-02 13:00:24.532, FINE, [Thread]: 224 [ClassName]: com.enhancesys.integration.services.IntegrationManagementImpl [LineNumber]:  8888  [dataConverter] class com.sun.proxy.$Proxy207
2020-03-02 13:00:24.621, FINE, [Thread]: 224 [ClassName]: com.enhancesys.integration.services.processor.PJPPlannedCallsDump [LineNumber]:  110  PJPPlannedCallsDump Entry processRequest..
2020-03-02 13:00:24.678, FINE, [Thread]: 224 [ClassName]: com.enhancesys.integration.services.IntegrationManagementImpl [LineNumber]:  9467  Entry readFilePropertyBeans.. Started at --> Mon Mar 02 13:00:24 IST 2020
2020-03-02 13:00:24.681, FINE, [Thread]: 224 [ClassName]: com.enhancesys.integration.services.IntegrationManagementImpl [LineNumber]:  9481  readFilePropertyBeans service received interface id-->1162
2020-03-02 13:00:25.048, FINE, [Thread]: 224 [ClassName]: com.enhancesys.integration.services.IntegrationManagementImpl [LineNumber]:  10283  Exit readFilePropertyBeans service at -->Mon Mar 02 13:00:25 IST 2020 --- and took 370 milliseconds
2020-03-02 13:00:25.096, FINE, [Thread]: 224 [ClassName]: com.enhancesys.integration.services.util.TokuR4User [LineNumber]:  32  Initiating TokuMx-Java Adapter.....
2020-03-02 13:00:25.104, FINE, [Thread]: 224 [ClassName]: com.enhancesys.integration.services.util.TokuR4User [LineNumber]:  38  TokuMx-Java Adapter Initiated Successfully For Replica-Set user....!
2020-03-02 13:00:25.107, FINE, [Thread]: 224 [ClassName]: com.enhancesys.integration.services.util.TokuStandAloneUser [LineNumber]:  32  Initiating TokuMx-Java Adapter.....
2020-03-02 13:00:25.123, FINE, [Thread]: 224 [ClassName]: com.enhancesys.integration.services.util.TokuStandAloneUser [LineNumber]:  38  TokuMx-Java Adapter Initiated Successfully For Replica-Set user....!
2020-03-02 13:00:25.138, FINE, [Thread]: 224 [ClassName]: com.enhancesys.integration.services.processor.PJPPlannedCallsDump [LineNumber]:  222  Interface : 1162 : File : Pjp_Planned_Calls_20200302001.csv
2020-03-02 13:00:25.169, FINE, [Thread]: 224 [ClassName]: com.enhancesys.integration.services.processor.PJPPlannedCallsDump [LineNumber]:  247  outletHierarchyCursor Size : 407
2020-03-02 13:00:25.172, FINE, [Thread]: 224 [ClassName]: com.enhancesys.integration.services.processor.PJPPlannedCallsDump [LineNumber]:  567  SortColumns : { "outlet_org_id" : 1}
2020-03-02 13:00:25.895, FINE, [Thread]: 224 [ClassName]: com.enhancesys.integration.services.processor.PJPPlannedCallsDump [LineNumber]:  591  Sort file script initiated for file :: /home/appuser/snoc/snocconf/interfaceconf/sort/outlet_hierachy_dump_20200302130025170.csv.cp
2020-03-02 13:00:25.896, FINE, [Thread]: 224 [ClassName]: com.enhancesys.integration.services.processor.PJPPlannedCallsDump [LineNumber]:  592  Script file : /home/appuser/snoc/snocconf/interfaceconf/sort/collection1.sh
2020-03-02 13:00:26.099, FINE, [Thread]: 224 [ClassName]: com.enhancesys.integration.services.processor.PJPPlannedCallsDump [LineNumber]:  594  Process : waitFor() :: 0
2020-03-02 13:00:26.101, FINE, [Thread]: 224 [ClassName]: com.enhancesys.integration.services.processor.PJPPlannedCallsDump [LineNumber]:  263  Query Object : { "org_type" : 6 , "sub_org_type" : 66 , "status" : 174}
2020-03-02 13:00:26.135, FINE, [Thread]: 224 [ClassName]: com.enhancesys.integration.services.processor.PJPPlannedCallsDump [LineNumber]:  268  outletOrgCursor Size : 309
2020-03-02 13:00:26.137, FINE, [Thread]: 224 [ClassName]: com.enhancesys.integration.services.processor.PJPPlannedCallsDump [LineNumber]:  567  SortColumns : { "org_id" : 1}
2020-03-02 13:00:26.334, FINE, [Thread]: 224 [ClassName]: com.enhancesys.integration.services.processor.PJPPlannedCallsDump [LineNumber]:  591  Sort file script initiated for file :: /home/appuser/snoc/snocconf/interfaceconf/sort/organization_20200302130026135.csv.cp
2020-03-02 13:00:26.335, FINE, [Thread]: 224 [ClassName]: com.enhancesys.integration.services.processor.PJPPlannedCallsDump [LineNumber]:  592  Script file : /home/appuser/snoc/snocconf/interfaceconf/sort/collection1.sh
2020-03-02 13:00:26.353, FINE, [Thread]: 224 [ClassName]: com.enhancesys.integration.services.processor.PJPPlannedCallsDump [LineNumber]:  594  Process : waitFor() :: 0
2020-03-02 13:02:09.272, FINE, [Thread]: 224 [ClassName]: com.enhancesys.integration.services.processor.PJPPlannedCallsDump [LineNumber]:  377  Total Number of Records : 398
2020-03-02 13:02:09.303, FINE, [Thread]: 224 [ClassName]: com.enhancesys.integration.services.IntegrationManagementImpl [LineNumber]:  8139  Entry createInterfaceFileSummary.. Started at --> Mon Mar 02 13:02:09 IST 2020
2020-03-02 13:02:09.304, FINE, [Thread]: 224 [ClassName]: com.enhancesys.integration.services.IntegrationManagementImpl [LineNumber]:  8152  createInterfaceFileSummary service received interfaceFileSummary for file id-->null
2020-03-02 13:02:09.646, FINE, [Thread]: 224 [ClassName]: com.enhancesys.integration.services.IntegrationManagementImpl [LineNumber]:  8227  Exit createInterfaceFileSummary service at -->Mon Mar 02 13:02:09 IST 2020 --- and took 343 milliseconds
2020-03-02 13:02:10.801, FINE, [Thread]: 224 [ClassName]: com.enhancesys.integration.services.IntegrationManagementImpl [LineNumber]:  7586  Entry createControlFile.. Started at --> Mon Mar 02 13:02:10 IST 2020
2020-03-02 13:02:10.802, FINE, [Thread]: 224 [ClassName]: com.enhancesys.integration.services.IntegrationManagementImpl [LineNumber]:  7601  createControlFile service received filePath        -->/home/appuser/interfaces/S-NOC/interfaces/master_file/daily_dumps/pjp_planned_calls/Pjp_Planned_Calls_20200302001.csvtotalCount-->398fileName-->Pjp_Planned_Calls_20200302001fileFormat-->csvcurrentFileId-->20484contolFileFormat-->ctlcontolFilePath-->/home/appuser/interfaces/S-NOC/interfaces/master_file/daily_dumps/pjp_planned_calls/
2020-03-02 13:02:10.874, FINE, [Thread]: 224 [ClassName]: com.enhancesys.integration.services.IntegrationManagementImpl [LineNumber]:  8056  updateInterfaceFileSummaryDetails service received interfaceFileSummaryDetails object for file details id-->20484
2020-03-02 13:02:10.931, FINE, [Thread]: 224 [ClassName]: com.enhancesys.integration.services.IntegrationManagementImpl [LineNumber]:  7665  Exit control file creation service at -->Mon Mar 02 13:02:10 IST 2020 --- and took 131 milliseconds
2020-03-02 13:02:10.933, FINE, [Thread]: 224 [ClassName]: com.enhancesys.integration.services.processor.PJPPlannedCallsDump [LineNumber]:  541  PJPPlannedCallsDump : Exit processRequest.. 106310
2020-03-02 13:02:10.935, FINE, [Thread]: 224 [ClassName]: com.enhancesys.integration.services.IntegrationManagementImpl [LineNumber]:  8909  Completed pullDataToFile.. 1162  Service at --> Mon Mar 02 13:02:10 IST 2020 --- and took 107309 milliseconds
2020-03-02 13:02:10.936, FINE, [Thread]: 224 [ClassName]: com.enhancesys.integration.services.IntegrationManagementImpl [LineNumber]:  8975  Exit pullData service at -->Mon Mar 02 13:02:10 IST 2020 --- and took 107312 milliseconds
