2020-03-06 14:47:56.962, FINE, [Thread]: 224 [ClassName]: com.enhancesys.integration.services.util.TokuUser [LineNumber]:  33  Initiating TokuMx-Java Adapter.....
2020-03-06 14:47:56.970, FINE, [Thread]: 224 [ClassName]: com.enhancesys.integration.services.util.TokuUser [LineNumber]:  42  TokuMx-Java Adapter Initiated Successfully For Replica-Set user....!
2020-03-06 14:47:57.097, FINE, [Thread]: 224 [ClassName]: com.enhancesys.integration.services.IntegrationManagementImpl [LineNumber]:  8746  Entry pullDataToFile.. Started at --> Fri Mar 06 14:47:57 IST 2020
2020-03-06 14:47:57.098, FINE, [Thread]: 224 [ClassName]: com.enhancesys.integration.services.IntegrationManagementImpl [LineNumber]:  8749  pullDataToFile service received interface id-->[1162]
2020-03-06 14:47:57.099, FINE, [Thread]: 224 [ClassName]: com.enhancesys.integration.services.IntegrationManagementImpl [LineNumber]:  8787  Started pullDataToFile.. 1162  Started at --> Fri Mar 06 14:47:57 IST 2020
2020-03-06 14:47:57.621, FINE, [Thread]: 224 [ClassName]: com.enhancesys.integration.services.IntegrationManagementImpl [LineNumber]:  8888  [dataConverter] class com.sun.proxy.$Proxy207
2020-03-06 14:47:57.686, FINE, [Thread]: 224 [ClassName]: com.enhancesys.integration.services.processor.PJPPlannedCallsDump [LineNumber]:  108  PJPPlannedCallsDump Entry processRequest..
2020-03-06 14:47:57.730, FINE, [Thread]: 224 [ClassName]: com.enhancesys.integration.services.IntegrationManagementImpl [LineNumber]:  9467  Entry readFilePropertyBeans.. Started at --> Fri Mar 06 14:47:57 IST 2020
2020-03-06 14:47:57.731, FINE, [Thread]: 224 [ClassName]: com.enhancesys.integration.services.IntegrationManagementImpl [LineNumber]:  9481  readFilePropertyBeans service received interface id-->1162
2020-03-06 14:47:57.993, FINE, [Thread]: 224 [ClassName]: com.enhancesys.integration.services.IntegrationManagementImpl [LineNumber]:  10283  Exit readFilePropertyBeans service at -->Fri Mar 06 14:47:57 IST 2020 --- and took 263 milliseconds
2020-03-06 14:47:58.023, FINE, [Thread]: 224 [ClassName]: com.enhancesys.integration.services.util.TokuR4User [LineNumber]:  32  Initiating TokuMx-Java Adapter.....
2020-03-06 14:47:58.027, FINE, [Thread]: 224 [ClassName]: com.enhancesys.integration.services.util.TokuR4User [LineNumber]:  38  TokuMx-Java Adapter Initiated Successfully For Replica-Set user....!
2020-03-06 14:47:58.029, FINE, [Thread]: 224 [ClassName]: com.enhancesys.integration.services.util.TokuStandAloneUser [LineNumber]:  32  Initiating TokuMx-Java Adapter.....
2020-03-06 14:47:58.034, FINE, [Thread]: 224 [ClassName]: com.enhancesys.integration.services.util.TokuStandAloneUser [LineNumber]:  38  TokuMx-Java Adapter Initiated Successfully For Replica-Set user....!
2020-03-06 14:47:58.037, FINE, [Thread]: 224 [ClassName]: com.enhancesys.integration.services.processor.PJPPlannedCallsDump [LineNumber]:  221  Interface : 1162 : File : Pjp_Planned_Calls_20200306001.csv
2020-03-06 14:47:58.038, FINE, [Thread]: 224 [ClassName]: com.enhancesys.integration.services.processor.PJPPlannedCallsDump [LineNumber]:  240  Outlet org hierarchy data query Starting..
2020-03-06 14:47:58.071, FINE, [Thread]: 224 [ClassName]: com.enhancesys.integration.services.processor.PJPPlannedCallsDump [LineNumber]:  254  Outlet org hierarchy data query Completed.. outletHierarchyCursor Size : 407
2020-03-06 14:47:58.072, FINE, [Thread]: 224 [ClassName]: com.enhancesys.integration.services.processor.PJPPlannedCallsDump [LineNumber]:  260  Outlet organization data query Starting..
2020-03-06 14:47:58.077, FINE, [Thread]: 224 [ClassName]: com.enhancesys.integration.services.processor.PJPPlannedCallsDump [LineNumber]:  265  Query Object : { "org_type" : 6 , "sub_org_type" : 66 , "status" : 174}
2020-03-06 14:47:58.094, FINE, [Thread]: 224 [ClassName]: com.enhancesys.integration.services.processor.PJPPlannedCallsDump [LineNumber]:  273  Outlet orginaization data query Completed.. outletOrgCursor Size : 313
2020-03-06 14:50:33.478, FINE, [Thread]: 224 [ClassName]: com.enhancesys.integration.services.processor.PJPPlannedCallsDump [LineNumber]:  389  Total Number of Records : 1352
2020-03-06 14:50:33.507, FINE, [Thread]: 224 [ClassName]: com.enhancesys.integration.services.IntegrationManagementImpl [LineNumber]:  8139  Entry createInterfaceFileSummary.. Started at --> Fri Mar 06 14:50:33 IST 2020
2020-03-06 14:50:33.508, FINE, [Thread]: 224 [ClassName]: com.enhancesys.integration.services.IntegrationManagementImpl [LineNumber]:  8152  createInterfaceFileSummary service received interfaceFileSummary for file id-->null
2020-03-06 14:50:33.776, FINE, [Thread]: 224 [ClassName]: com.enhancesys.integration.services.IntegrationManagementImpl [LineNumber]:  8227  Exit createInterfaceFileSummary service at -->Fri Mar 06 14:50:33 IST 2020 --- and took 268 milliseconds
2020-03-06 14:50:34.234, FINE, [Thread]: 224 [ClassName]: com.enhancesys.integration.services.IntegrationManagementImpl [LineNumber]:  7586  Entry createControlFile.. Started at --> Fri Mar 06 14:50:34 IST 2020
2020-03-06 14:50:34.235, FINE, [Thread]: 224 [ClassName]: com.enhancesys.integration.services.IntegrationManagementImpl [LineNumber]:  7601  createControlFile service received filePath        -->/home/appuser/interfaces/S-NOC/interfaces/master_file/daily_dumps/pjp_planned_calls/Pjp_Planned_Calls_20200306001.csvtotalCount-->1352fileName-->Pjp_Planned_Calls_20200306001fileFormat-->csvcurrentFileId-->20494contolFileFormat-->ctlcontolFilePath-->/home/appuser/interfaces/S-NOC/interfaces/master_file/daily_dumps/pjp_planned_calls/
2020-03-06 14:50:34.317, FINE, [Thread]: 224 [ClassName]: com.enhancesys.integration.services.IntegrationManagementImpl [LineNumber]:  8056  updateInterfaceFileSummaryDetails service received interfaceFileSummaryDetails object for file details id-->20494
2020-03-06 14:50:34.358, FINE, [Thread]: 224 [ClassName]: com.enhancesys.integration.services.IntegrationManagementImpl [LineNumber]:  7665  Exit control file creation service at -->Fri Mar 06 14:50:34 IST 2020 --- and took 124 milliseconds
2020-03-06 14:50:34.359, FINE, [Thread]: 224 [ClassName]: com.enhancesys.integration.services.processor.PJPPlannedCallsDump [LineNumber]:  553  PJPPlannedCallsDump : Exit processRequest.. 156672
2020-03-06 14:50:34.360, FINE, [Thread]: 224 [ClassName]: com.enhancesys.integration.services.IntegrationManagementImpl [LineNumber]:  8909  Completed pullDataToFile.. 1162  Service at --> Fri Mar 06 14:50:34 IST 2020 --- and took 157261 milliseconds
2020-03-06 14:50:34.361, FINE, [Thread]: 224 [ClassName]: com.enhancesys.integration.services.IntegrationManagementImpl [LineNumber]:  8975  Exit pullData service at -->Fri Mar 06 14:50:34 IST 2020 --- and took 157264 milliseconds
