


FileName :: Visit_Organization_Detail_20200124.csv

LineNumber :: 1    Data :  Reason





FileName :: Visit_Organization_Detail_20200125.csv

LineNumber :: 1    Data :  Reason
LineNumber :: 20170    Data :  Transaction Completed
LineNumber :: 20171    Data :  Transaction Completed
LineNumber :: 20172    Data :  Transaction Completed
LineNumber :: 20173    Data :  Transaction Completed
LineNumber :: 20174    Data :  Transaction Completed
LineNumber :: 20175    Data :  Transaction Completed
LineNumber :: 20176    Data :  Transaction Completed
LineNumber :: 20177    Data :  Transaction Completed
LineNumber :: 20178    Data :  Transaction Completed
LineNumber :: 20179    Data :  Transaction Completed
LineNumber :: 20180    Data :  Transaction Completed
LineNumber :: 20181    Data :  Transaction Completed
LineNumber :: 20182    Data :  Transaction Completed
LineNumber :: 20183    Data :  Transaction Completed
LineNumber :: 20184    Data :  Transaction Completed
LineNumber :: 20185    Data :  Transaction Completed
LineNumber :: 20186    Data :  Transaction Completed
LineNumber :: 20187    Data :  Transaction Completed
LineNumber :: 20188    Data :  Transaction Completed
LineNumber :: 20189    Data :  Transaction Completed
LineNumber :: 20190    Data :  Transaction Completed
LineNumber :: 20191    Data :  Transaction Completed
LineNumber :: 20192    Data :  Transaction Completed
LineNumber :: 20193    Data :  Transaction Completed
LineNumber :: 20194    Data :  Transaction Completed
LineNumber :: 20195    Data :  Transaction Completed
LineNumber :: 20196    Data :  Transaction Completed
LineNumber :: 20197    Data :  Transaction Completed
LineNumber :: 20198    Data :  Transaction Completed
LineNumber :: 20199    Data :  Transaction Completed
LineNumber :: 20200    Data :  Transaction Completed
LineNumber :: 20201    Data :  Transaction Completed
LineNumber :: 20202    Data :  Transaction Completed
LineNumber :: 20203    Data :  Transaction Completed
LineNumber :: 20204    Data :  Transaction Completed
LineNumber :: 20205    Data :  Transaction Completed
LineNumber :: 20206    Data :  Transaction Completed
LineNumber :: 20207    Data :  Transaction Completed
LineNumber :: 20208    Data :  Transaction Completed
LineNumber :: 20209    Data :  Transaction Completed
LineNumber :: 20210    Data :  Transaction Completed
LineNumber :: 20211    Data :  Transaction Completed
LineNumber :: 20212    Data :  Transaction Completed
LineNumber :: 20213    Data :  Transaction Completed
LineNumber :: 20214    Data :  Transaction Completed
LineNumber :: 20215    Data :  Transaction Completed
LineNumber :: 20216    Data :  Transaction Completed
LineNumber :: 20217    Data :  Transaction Completed
LineNumber :: 20218    Data :  Transaction Completed
LineNumber :: 20219    Data :  Transaction Completed
LineNumber :: 20220    Data :  Transaction Completed
LineNumber :: 20221    Data :  Transaction Completed
LineNumber :: 20222    Data :  Transaction Completed
LineNumber :: 20223    Data :  Transaction Completed
LineNumber :: 20224    Data :  Transaction Completed
LineNumber :: 21785    Data :  Transaction Completed
LineNumber :: 22191    Data :  Transaction Completed
LineNumber :: 22564    Data :  Transaction Completed
LineNumber :: 32787    Data :  Shop Shifted
LineNumber :: 32788    Data :  Shop Shifted
LineNumber :: 32789    Data :  Shop Shifted
LineNumber :: 32790    Data :  Shop Shifted
LineNumber :: 32791    Data :  Shop Shifted
LineNumber :: 32792    Data :  Shop Shifted
LineNumber :: 32793    Data :  Shop Shifted
LineNumber :: 32794    Data :  Shop Shifted
LineNumber :: 32795    Data :  Shop Shifted
LineNumber :: 32796    Data :  Shop Shifted
LineNumber :: 32797    Data :  Shop Shifted
LineNumber :: 32798    Data :  Shop Shifted
LineNumber :: 32799    Data :  Shop Shifted
LineNumber :: 32800    Data :  Shop Busy
LineNumber :: 32801    Data :  Shop Busy
LineNumber :: 32802    Data :  Shop Busy
LineNumber :: 32803    Data :  Shop Busy
LineNumber :: 32804    Data :  Shop Busy
LineNumber :: 32805    Data :  Shop Busy
LineNumber :: 32806    Data :  Shop Busy
LineNumber :: 32807    Data :  Shop Busy
LineNumber :: 32808    Data :  Shop Busy
LineNumber :: 32809    Data :  Shop Busy
LineNumber :: 32810    Data :  Shop Busy
LineNumber :: 32811    Data :  Shop Busy
LineNumber :: 32812    Data :  Shop Busy
LineNumber :: 32891    Data :  Shop Shifted
LineNumber :: 32892    Data :  Shop Shifted
LineNumber :: 32893    Data :  Shop Shifted
LineNumber :: 32894    Data :  Shop Shifted
LineNumber :: 32895    Data :  Shop Shifted
LineNumber :: 32896    Data :  Shop Shifted
LineNumber :: 32897    Data :  Shop Shifted
LineNumber :: 32898    Data :  Shop Shifted
LineNumber :: 32899    Data :  Shop Shifted
LineNumber :: 32900    Data :  Shop Shifted
LineNumber :: 32901    Data :  Shop Shifted
LineNumber :: 32902    Data :  Shop Shifted
LineNumber :: 32903    Data :  Shop Shifted
LineNumber :: 32930    Data :  Shop Closed
LineNumber :: 32931    Data :  Shop Closed
LineNumber :: 32932    Data :  Shop Closed
LineNumber :: 32933    Data :  Shop Closed
LineNumber :: 32934    Data :  Shop Closed
LineNumber :: 32935    Data :  Shop Closed
LineNumber :: 32936    Data :  Shop Closed
LineNumber :: 32937    Data :  Shop Closed
LineNumber :: 32938    Data :  Shop Closed
LineNumber :: 32939    Data :  Shop Closed
LineNumber :: 32940    Data :  Shop Closed
LineNumber :: 32941    Data :  Shop Closed
LineNumber :: 32942    Data :  Shop Closed
LineNumber :: 34207    Data :  Shop Shifted
LineNumber :: 34208    Data :  Shop Shifted
LineNumber :: 34209    Data :  Shop Busy
LineNumber :: 34210    Data :  Shop Busy
LineNumber :: 34211    Data :  Shop Shifted
LineNumber :: 34212    Data :  Shop Shifted
LineNumber :: 34213    Data :  Shop Shifted
LineNumber :: 34214    Data :  Shop Shifted
LineNumber :: 34215    Data :  Shop Shifted
LineNumber :: 34216    Data :  Shop Shifted
LineNumber :: 34217    Data :  Shop Shifted
LineNumber :: 34218    Data :  Shop Shifted
LineNumber :: 34219    Data :  Shop Busy
LineNumber :: 34220    Data :  Shop Busy
LineNumber :: 34221    Data :  Shop Shifted
LineNumber :: 34222    Data :  Shop Shifted
LineNumber :: 34223    Data :  Shop Shifted
LineNumber :: 34224    Data :  Shop Shifted
LineNumber :: 34225    Data :  Transaction Completed
LineNumber :: 34226    Data :  Transaction Completed
LineNumber :: 34227    Data :  Shop Shifted
LineNumber :: 34228    Data :  Shop Shifted
LineNumber :: 34425    Data :  Shop Closed
LineNumber :: 34426    Data :  Shop Closed
LineNumber :: 34450    Data :  Transaction Completed
LineNumber :: 34451    Data :  Transaction Completed
LineNumber :: 34452    Data :  Transaction Completed
LineNumber :: 34453    Data :  Transaction Completed
LineNumber :: 34454    Data :  Shop Busy
LineNumber :: 34455    Data :  Shop Busy





FileName :: Visit_Organization_Detail_20200127.csv

LineNumber :: 1    Data :  Reason


