2020-03-02 15:04:44.168, FINE, [Thread]: 224 [ClassName]: com.enhancesys.integration.services.util.TokuUser [LineNumber]:  33  Initiating TokuMx-Java Adapter.....
2020-03-02 15:04:44.228, FINE, [Thread]: 224 [ClassName]: com.enhancesys.integration.services.util.TokuUser [LineNumber]:  42  TokuMx-Java Adapter Initiated Successfully For Replica-Set user....!
2020-03-02 15:04:44.425, FINE, [Thread]: 224 [ClassName]: com.enhancesys.integration.services.IntegrationManagementImpl [LineNumber]:  8746  Entry pullDataToFile.. Started at --> Mon Mar 02 15:04:44 IST 2020
2020-03-02 15:04:44.426, FINE, [Thread]: 224 [ClassName]: com.enhancesys.integration.services.IntegrationManagementImpl [LineNumber]:  8749  pullDataToFile service received interface id-->[1162]
2020-03-02 15:04:44.427, FINE, [Thread]: 224 [ClassName]: com.enhancesys.integration.services.IntegrationManagementImpl [LineNumber]:  8787  Started pullDataToFile.. 1162  Started at --> Mon Mar 02 15:04:44 IST 2020
2020-03-02 15:04:45.973, FINE, [Thread]: 224 [ClassName]: com.enhancesys.integration.services.IntegrationManagementImpl [LineNumber]:  8888  [dataConverter] class com.sun.proxy.$Proxy207
2020-03-02 15:04:46.180, FINE, [Thread]: 224 [ClassName]: com.enhancesys.integration.services.processor.PJPPlannedCallsDump [LineNumber]:  110  PJPPlannedCallsDump Entry processRequest..
2020-03-02 15:04:46.249, FINE, [Thread]: 224 [ClassName]: com.enhancesys.integration.services.IntegrationManagementImpl [LineNumber]:  9467  Entry readFilePropertyBeans.. Started at --> Mon Mar 02 15:04:46 IST 2020
2020-03-02 15:04:46.251, FINE, [Thread]: 224 [ClassName]: com.enhancesys.integration.services.IntegrationManagementImpl [LineNumber]:  9481  readFilePropertyBeans service received interface id-->1162
2020-03-02 15:04:47.551, FINE, [Thread]: 224 [ClassName]: com.enhancesys.integration.services.IntegrationManagementImpl [LineNumber]:  10283  Exit readFilePropertyBeans service at -->Mon Mar 02 15:04:47 IST 2020 --- and took 1302 milliseconds
2020-03-02 15:04:47.635, FINE, [Thread]: 224 [ClassName]: com.enhancesys.integration.services.util.TokuR4User [LineNumber]:  32  Initiating TokuMx-Java Adapter.....
2020-03-02 15:04:47.652, FINE, [Thread]: 224 [ClassName]: com.enhancesys.integration.services.util.TokuR4User [LineNumber]:  38  TokuMx-Java Adapter Initiated Successfully For Replica-Set user....!
2020-03-02 15:04:47.661, FINE, [Thread]: 224 [ClassName]: com.enhancesys.integration.services.util.TokuStandAloneUser [LineNumber]:  32  Initiating TokuMx-Java Adapter.....
2020-03-02 15:04:47.718, FINE, [Thread]: 224 [ClassName]: com.enhancesys.integration.services.util.TokuStandAloneUser [LineNumber]:  38  TokuMx-Java Adapter Initiated Successfully For Replica-Set user....!
2020-03-02 15:04:47.760, FINE, [Thread]: 224 [ClassName]: com.enhancesys.integration.services.processor.PJPPlannedCallsDump [LineNumber]:  222  Interface : 1162 : File : Pjp_Planned_Calls_20200302001.csv
2020-03-02 15:04:47.880, FINE, [Thread]: 224 [ClassName]: com.enhancesys.integration.services.processor.PJPPlannedCallsDump [LineNumber]:  247  outletHierarchyCursor Size : 407
2020-03-02 15:04:47.884, FINE, [Thread]: 224 [ClassName]: com.enhancesys.integration.services.processor.PJPPlannedCallsDump [LineNumber]:  570  SortColumns : { "outlet_org_id" : 1}
2020-03-02 15:04:48.591, FINE, [Thread]: 224 [ClassName]: com.enhancesys.integration.services.processor.PJPPlannedCallsDump [LineNumber]:  594  Sort file script initiated for file :: /home/appuser/snoc/snocconf/interfaceconf/sort/outlet_hierachy_dump_20200302150447881.csv.cp
2020-03-02 15:04:48.592, FINE, [Thread]: 224 [ClassName]: com.enhancesys.integration.services.processor.PJPPlannedCallsDump [LineNumber]:  595  Script file : /home/appuser/snoc/snocconf/interfaceconf/sort/collection1.sh
2020-03-02 15:04:49.860, FINE, [Thread]: 224 [ClassName]: com.enhancesys.integration.services.processor.PJPPlannedCallsDump [LineNumber]:  597  Process : waitFor() :: 0
2020-03-02 15:04:49.862, FINE, [Thread]: 224 [ClassName]: com.enhancesys.integration.services.processor.PJPPlannedCallsDump [LineNumber]:  263  Query Object : { "org_type" : 6 , "sub_org_type" : 66 , "status" : 174}
2020-03-02 15:04:49.896, FINE, [Thread]: 224 [ClassName]: com.enhancesys.integration.services.processor.PJPPlannedCallsDump [LineNumber]:  268  outletOrgCursor Size : 309
2020-03-02 15:04:49.899, FINE, [Thread]: 224 [ClassName]: com.enhancesys.integration.services.processor.PJPPlannedCallsDump [LineNumber]:  570  SortColumns : { "org_id" : 1}
2020-03-02 15:04:50.106, FINE, [Thread]: 224 [ClassName]: com.enhancesys.integration.services.processor.PJPPlannedCallsDump [LineNumber]:  594  Sort file script initiated for file :: /home/appuser/snoc/snocconf/interfaceconf/sort/organization_20200302150449897.csv.cp
2020-03-02 15:04:50.107, FINE, [Thread]: 224 [ClassName]: com.enhancesys.integration.services.processor.PJPPlannedCallsDump [LineNumber]:  595  Script file : /home/appuser/snoc/snocconf/interfaceconf/sort/collection1.sh
2020-03-02 15:04:50.332, FINE, [Thread]: 224 [ClassName]: com.enhancesys.integration.services.processor.PJPPlannedCallsDump [LineNumber]:  597  Process : waitFor() :: 0


2020-03-02 15:06:27.590, FINE, [Thread]: 224 [ClassName]: com.enhancesys.integration.services.processor.PJPPlannedCallsDump [LineNumber]:  379  Total Number of Records : 398
2020-03-02 15:06:27.622, FINE, [Thread]: 224 [ClassName]: com.enhancesys.integration.services.IntegrationManagementImpl [LineNumber]:  8139  Entry createInterfaceFileSummary.. Started at --> Mon Mar 02 15:06:27 IST 2020
2020-03-02 15:06:27.624, FINE, [Thread]: 224 [ClassName]: com.enhancesys.integration.services.IntegrationManagementImpl [LineNumber]:  8152  createInterfaceFileSummary service received interfaceFileSummary for file id-->null
2020-03-02 15:06:29.649, FINE, [Thread]: 224 [ClassName]: com.enhancesys.integration.services.IntegrationManagementImpl [LineNumber]:  8227  Exit createInterfaceFileSummary service at -->Mon Mar 02 15:06:29 IST 2020 --- and took 2028 milliseconds
2020-03-02 15:06:31.306, FINE, [Thread]: 224 [ClassName]: com.enhancesys.integration.services.IntegrationManagementImpl [LineNumber]:  7586  Entry createControlFile.. Started at --> Mon Mar 02 15:06:31 IST 2020
2020-03-02 15:06:31.307, FINE, [Thread]: 224 [ClassName]: com.enhancesys.integration.services.IntegrationManagementImpl [LineNumber]:  7601  createControlFile service received filePath        -->/home/appuser/interfaces/S-NOC/interfaces/master_file/daily_dumps/pjp_planned_calls/Pjp_Planned_Calls_20200302001.csvtotalCount-->398fileName-->Pjp_Planned_Calls_20200302001fileFormat-->csvcurrentFileId-->20485contolFileFormat-->ctlcontolFilePath-->/home/appuser/interfaces/S-NOC/interfaces/master_file/daily_dumps/pjp_planned_calls/
2020-03-02 15:06:31.811, FINE, [Thread]: 224 [ClassName]: com.enhancesys.integration.services.IntegrationManagementImpl [LineNumber]:  8056  updateInterfaceFileSummaryDetails service received interfaceFileSummaryDetails object for file details id-->20485
2020-03-02 15:06:32.370, FINE, [Thread]: 224 [ClassName]: com.enhancesys.integration.services.IntegrationManagementImpl [LineNumber]:  7665  Exit control file creation service at -->Mon Mar 02 15:06:32 IST 2020 --- and took 1063 milliseconds
2020-03-02 15:06:32.371, FINE, [Thread]: 224 [ClassName]: com.enhancesys.integration.services.processor.PJPPlannedCallsDump [LineNumber]:  465  lineMatchcount ::: 178
2020-03-02 15:06:32.372, FINE, [Thread]: 224 [ClassName]: com.enhancesys.integration.services.processor.PJPPlannedCallsDump [LineNumber]:  544  PJPPlannedCallsDump : Exit processRequest.. 106191
2020-03-02 15:06:32.374, FINE, [Thread]: 224 [ClassName]: com.enhancesys.integration.services.IntegrationManagementImpl [LineNumber]:  8909  Completed pullDataToFile.. 1162  Service at --> Mon Mar 02 15:06:32 IST 2020 --- and took 107947 milliseconds
2020-03-02 15:06:32.375, FINE, [Thread]: 224 [ClassName]: com.enhancesys.integration.services.IntegrationManagementImpl [LineNumber]:  8975  Exit pullData service at -->Mon Mar 02 15:06:32 IST 2020 --- and took 107950 milliseconds
